

*******************************************************************************
Sat Apr 18 19:14:29 2015


FIT:    data read from "dimension.dat" using (log($1)):(log($2))
        format = x:z
        #datapoints = 99
        residuals are weighted equally (unit weight)

function used for fitting: g(x)
fitted parameters initialized with current variable values



 Iteration 0
 WSSR        : 1074.69           delta(WSSR)/WSSR   : 0
 delta(WSSR) : 0                 limit for stopping : 1e-05
 lambda	  : 1.34303

initial set of free parameter values

m               = 1
c               = 1

After 3 iterations the fit converged.
final sum of squares of residuals : 31.2995
rel. change during last iteration : -1.37741e-08

degrees of freedom    (FIT_NDF)                        : 97
rms of residuals      (FIT_STDFIT) = sqrt(WSSR/ndf)    : 0.568045
variance of residuals (reduced chisquare) = WSSR/ndf   : 0.322675

Final set of parameters            Asymptotic Standard Error
=======================            ==========================

m               = 1.39355          +/- 0.06699      (4.807%)
c               = 3.68929          +/- 0.1082       (2.932%)


correlation matrix of the fit parameters:

               m      c      
m               1.000 
c              -0.849  1.000 


*******************************************************************************
Sat Apr 18 19:15:03 2015


FIT:    data read from "dimension.dat" using (log($1)):(log($2))
        format = x:z
        x range restricted to [-0.500000 : 1.00000]
        #datapoints = 21
        residuals are weighted equally (unit weight)

function used for fitting: g(x)
fitted parameters initialized with current variable values



 Iteration 0
 WSSR        : 229.119           delta(WSSR)/WSSR   : 0
 delta(WSSR) : 0                 limit for stopping : 1e-05
 lambda	  : 0.826478

initial set of free parameter values

m               = 1
c               = 1

After 3 iterations the fit converged.
final sum of squares of residuals : 0.0945645
rel. change during last iteration : -1.6046e-06

degrees of freedom    (FIT_NDF)                        : 19
rms of residuals      (FIT_STDFIT) = sqrt(WSSR/ndf)    : 0.0705484
variance of residuals (reduced chisquare) = WSSR/ndf   : 0.00497708

Final set of parameters            Asymptotic Standard Error
=======================            ==========================

m               = 1.98828          +/- 0.03896      (1.96%)
c               = 3.82633          +/- 0.02358      (0.6162%)


correlation matrix of the fit parameters:

               m      c      
m               1.000 
c              -0.757  1.000 


*******************************************************************************
Sat Apr 18 19:16:02 2015


FIT:    data read from "dimension.dat" using (log($1)):(log($2))
        format = x:z
        x range restricted to [0.00000 : 0.900000]
        #datapoints = 15
        residuals are weighted equally (unit weight)

function used for fitting: g(x)
fitted parameters initialized with current variable values



 Iteration 0
 WSSR        : 169.252           delta(WSSR)/WSSR   : 0
 delta(WSSR) : 0                 limit for stopping : 1e-05
 lambda	  : 0.811613

initial set of free parameter values

m               = 1
c               = 1

After 4 iterations the fit converged.
final sum of squares of residuals : 0.00777625
rel. change during last iteration : -2.49548e-12

degrees of freedom    (FIT_NDF)                        : 13
rms of residuals      (FIT_STDFIT) = sqrt(WSSR/ndf)    : 0.0244576
variance of residuals (reduced chisquare) = WSSR/ndf   : 0.000598173

Final set of parameters            Asymptotic Standard Error
=======================            ==========================

m               = 1.88355          +/- 0.02368      (1.257%)
c               = 3.91225          +/- 0.01334      (0.341%)


correlation matrix of the fit parameters:

               m      c      
m               1.000 
c              -0.881  1.000 


*******************************************************************************
Sat Apr 18 19:18:36 2015


FIT:    data read from "dimension.dat" using (log($1)):(log($2))
        format = x:z
        x range restricted to [0.00000 : 0.900000]
        #datapoints = 15
        residuals are weighted equally (unit weight)

function used for fitting: g(x)
fitted parameters initialized with current variable values



 Iteration 0
 WSSR        : 478.298           delta(WSSR)/WSSR   : 0
 delta(WSSR) : 0                 limit for stopping : 1e-05
 lambda	  : 0.811613

initial set of free parameter values

m               = 1
c               = 1

After 4 iterations the fit converged.
final sum of squares of residuals : 0.0053217
rel. change during last iteration : -2.77788e-11

degrees of freedom    (FIT_NDF)                        : 13
rms of residuals      (FIT_STDFIT) = sqrt(WSSR/ndf)    : 0.0202327
variance of residuals (reduced chisquare) = WSSR/ndf   : 0.000409361

Final set of parameters            Asymptotic Standard Error
=======================            ==========================

m               = 1.92954          +/- 0.01959      (1.015%)
c               = 6.18003          +/- 0.01103      (0.1786%)


correlation matrix of the fit parameters:

               m      c      
m               1.000 
c              -0.881  1.000 


*******************************************************************************
Sat Apr 18 19:19:22 2015


FIT:    data read from "dimension.dat" using (log($1)):(log($2))
        format = x:z
        x range restricted to [0.00000 : 0.900000]
        #datapoints = 15
        residuals are weighted equally (unit weight)

function used for fitting: g(x)
fitted parameters initialized with current variable values



 Iteration 0
 WSSR        : 478.298           delta(WSSR)/WSSR   : 0
 delta(WSSR) : 0                 limit for stopping : 1e-05
 lambda	  : 0.811613

initial set of free parameter values

m               = 1
c               = 1

After 4 iterations the fit converged.
final sum of squares of residuals : 0.0053217
rel. change during last iteration : -2.77788e-11

degrees of freedom    (FIT_NDF)                        : 13
rms of residuals      (FIT_STDFIT) = sqrt(WSSR/ndf)    : 0.0202327
variance of residuals (reduced chisquare) = WSSR/ndf   : 0.000409361

Final set of parameters            Asymptotic Standard Error
=======================            ==========================

m               = 1.92954          +/- 0.01959      (1.015%)
c               = 6.18003          +/- 0.01103      (0.1786%)


correlation matrix of the fit parameters:

               m      c      
m               1.000 
c              -0.881  1.000 


*******************************************************************************
Sat Apr 18 19:25:04 2015


FIT:    data read from "dimension.dat" using (log($1)):(log($2))
        format = x:z
        x range restricted to [0.00000 : 0.900000]
        #datapoints = 15
        residuals are weighted equally (unit weight)

function used for fitting: g(x)
fitted parameters initialized with current variable values



 Iteration 0
 WSSR        : 207.7             delta(WSSR)/WSSR   : 0
 delta(WSSR) : 0                 limit for stopping : 1e-05
 lambda	  : 0.811613

initial set of free parameter values

m               = 1
c               = 1

After 4 iterations the fit converged.
final sum of squares of residuals : 0.284
rel. change during last iteration : -5.41038e-13

degrees of freedom    (FIT_NDF)                        : 13
rms of residuals      (FIT_STDFIT) = sqrt(WSSR/ndf)    : 0.147804
variance of residuals (reduced chisquare) = WSSR/ndf   : 0.0218462

Final set of parameters            Asymptotic Standard Error
=======================            ==========================

m               = 3.96761          +/- 0.1431       (3.606%)
c               = 3.1606           +/- 0.08061      (2.551%)


correlation matrix of the fit parameters:

               m      c      
m               1.000 
c              -0.881  1.000 


*******************************************************************************
Sat Apr 18 19:25:49 2015


FIT:    data read from "dimension.dat" using (log($1)):(log($2))
        format = x:z
        x range restricted to [0.500000 : 1.40000]
        #datapoints = 24
        residuals are weighted equally (unit weight)

function used for fitting: g(x)
fitted parameters initialized with current variable values



 Iteration 0
 WSSR        : 562.275           delta(WSSR)/WSSR   : 0
 delta(WSSR) : 0                 limit for stopping : 1e-05
 lambda	  : 1.02394

initial set of free parameter values

m               = 1
c               = 1

After 4 iterations the fit converged.
final sum of squares of residuals : 0.0138556
rel. change during last iteration : -5.17198e-11

degrees of freedom    (FIT_NDF)                        : 22
rms of residuals      (FIT_STDFIT) = sqrt(WSSR/ndf)    : 0.0250958
variance of residuals (reduced chisquare) = WSSR/ndf   : 0.000629802

Final set of parameters            Asymptotic Standard Error
=======================            ==========================

m               = 2.83793          +/- 0.02018      (0.7112%)
c               = 3.95012          +/- 0.02114      (0.5351%)


correlation matrix of the fit parameters:

               m      c      
m               1.000 
c              -0.970  1.000 


*******************************************************************************
Sat Apr 18 19:25:57 2015


FIT:    data read from "dimension.dat" using (log($1)):(log($2))
        format = x:z
        x range restricted to [0.500000 : 1.40000]
        #datapoints = 24
        residuals are weighted equally (unit weight)

function used for fitting: g(x)
fitted parameters initialized with current variable values



 Iteration 0
 WSSR        : 562.275           delta(WSSR)/WSSR   : 0
 delta(WSSR) : 0                 limit for stopping : 1e-05
 lambda	  : 1.02394

initial set of free parameter values

m               = 1
c               = 1

After 4 iterations the fit converged.
final sum of squares of residuals : 0.0138556
rel. change during last iteration : -5.17198e-11

degrees of freedom    (FIT_NDF)                        : 22
rms of residuals      (FIT_STDFIT) = sqrt(WSSR/ndf)    : 0.0250958
variance of residuals (reduced chisquare) = WSSR/ndf   : 0.000629802

Final set of parameters            Asymptotic Standard Error
=======================            ==========================

m               = 2.83793          +/- 0.02018      (0.7112%)
c               = 3.95012          +/- 0.02114      (0.5351%)


correlation matrix of the fit parameters:

               m      c      
m               1.000 
c              -0.970  1.000 


*******************************************************************************
Sat Apr 18 19:28:09 2015


FIT:    data read from "dimension.dat" using (log($1)):(log($2))
        format = x:z
        x range restricted to [0.500000 : 1.40000]
        #datapoints = 24
        residuals are weighted equally (unit weight)

function used for fitting: g(x)
fitted parameters initialized with current variable values



 Iteration 0
 WSSR        : 157.774           delta(WSSR)/WSSR   : 0
 delta(WSSR) : 0                 limit for stopping : 1e-05
 lambda	  : 1.02394

initial set of free parameter values

m               = 1
c               = 1

After 4 iterations the fit converged.
final sum of squares of residuals : 0.00864329
rel. change during last iteration : -4.56954e-11

degrees of freedom    (FIT_NDF)                        : 22
rms of residuals      (FIT_STDFIT) = sqrt(WSSR/ndf)    : 0.0198211
variance of residuals (reduced chisquare) = WSSR/ndf   : 0.000392877

Final set of parameters            Asymptotic Standard Error
=======================            ==========================

m               = 2.73388          +/- 0.01594      (0.5831%)
c               = 1.76402          +/- 0.01669      (0.9464%)


correlation matrix of the fit parameters:

               m      c      
m               1.000 
c              -0.970  1.000 


*******************************************************************************
Sat Apr 18 19:29:42 2015


FIT:    data read from "dimension.dat" using (log($1)):(log($2))
        format = x:z
        x range restricted to [0.500000 : 1.40000]
        #datapoints = 24
        residuals are weighted equally (unit weight)

function used for fitting: g(x)
fitted parameters initialized with current variable values



 Iteration 0
 WSSR        : 559.167           delta(WSSR)/WSSR   : 0
 delta(WSSR) : 0                 limit for stopping : 1e-05
 lambda	  : 1.02394

initial set of free parameter values

m               = 1
c               = 1

After 4 iterations the fit converged.
final sum of squares of residuals : 0.10153
rel. change during last iteration : -2.06587e-12

degrees of freedom    (FIT_NDF)                        : 22
rms of residuals      (FIT_STDFIT) = sqrt(WSSR/ndf)    : 0.0679339
variance of residuals (reduced chisquare) = WSSR/ndf   : 0.00461502

Final set of parameters            Asymptotic Standard Error
=======================            ==========================

m               = 3.10627          +/- 0.05463      (1.759%)
c               = 3.65651          +/- 0.05722      (1.565%)


correlation matrix of the fit parameters:

               m      c      
m               1.000 
c              -0.970  1.000 


*******************************************************************************
Sat Apr 18 19:30:13 2015


FIT:    data read from "dimension.dat" using (log($1)):(log($2))
        format = x:z
        x range restricted to [0.500000 : 1.40000]
        #datapoints = 24
        residuals are weighted equally (unit weight)

function used for fitting: g(x)
fitted parameters initialized with current variable values



 Iteration 0
 WSSR        : 559.167           delta(WSSR)/WSSR   : 0
 delta(WSSR) : 0                 limit for stopping : 1e-05
 lambda	  : 1.02394

initial set of free parameter values

m               = 1
c               = 1

After 4 iterations the fit converged.
final sum of squares of residuals : 0.10153
rel. change during last iteration : -2.06587e-12

degrees of freedom    (FIT_NDF)                        : 22
rms of residuals      (FIT_STDFIT) = sqrt(WSSR/ndf)    : 0.0679339
variance of residuals (reduced chisquare) = WSSR/ndf   : 0.00461502

Final set of parameters            Asymptotic Standard Error
=======================            ==========================

m               = 3.10627          +/- 0.05463      (1.759%)
c               = 3.65651          +/- 0.05722      (1.565%)


correlation matrix of the fit parameters:

               m      c      
m               1.000 
c              -0.970  1.000 


*******************************************************************************
Sat Apr 18 19:31:50 2015


FIT:    data read from "dimension.dat" using (log($1)):(log($2))
        format = x:z
        x range restricted to [0.500000 : 1.40000]
        #datapoints = 24
        residuals are weighted equally (unit weight)

function used for fitting: g(x)
fitted parameters initialized with current variable values



 Iteration 0
 WSSR        : 793.288           delta(WSSR)/WSSR   : 0
 delta(WSSR) : 0                 limit for stopping : 1e-05
 lambda	  : 1.02394

initial set of free parameter values

m               = 1
c               = 1

After 4 iterations the fit converged.
final sum of squares of residuals : 0.0386267
rel. change during last iteration : -4.46405e-11

degrees of freedom    (FIT_NDF)                        : 22
rms of residuals      (FIT_STDFIT) = sqrt(WSSR/ndf)    : 0.0419018
variance of residuals (reduced chisquare) = WSSR/ndf   : 0.00175576

Final set of parameters            Asymptotic Standard Error
=======================            ==========================

m               = 2.96477          +/- 0.0337       (1.137%)
c               = 4.73099          +/- 0.03529      (0.746%)


correlation matrix of the fit parameters:

               m      c      
m               1.000 
c              -0.970  1.000 


*******************************************************************************
Sat Apr 18 19:32:17 2015


FIT:    data read from "dimension.dat" using (log($1)):(log($2))
        format = x:z
        x range restricted to [0.500000 : 1.40000]
        #datapoints = 24
        residuals are weighted equally (unit weight)

function used for fitting: g(x)
fitted parameters initialized with current variable values



 Iteration 0
 WSSR        : 1144.43           delta(WSSR)/WSSR   : 0
 delta(WSSR) : 0                 limit for stopping : 1e-05
 lambda	  : 1.02394

initial set of free parameter values

m               = 1
c               = 1

After 4 iterations the fit converged.
final sum of squares of residuals : 0.0369535
rel. change during last iteration : -5.03638e-10

degrees of freedom    (FIT_NDF)                        : 22
rms of residuals      (FIT_STDFIT) = sqrt(WSSR/ndf)    : 0.0409842
variance of residuals (reduced chisquare) = WSSR/ndf   : 0.0016797

Final set of parameters            Asymptotic Standard Error
=======================            ==========================

m               = 1.40664          +/- 0.03296      (2.343%)
c               = 7.49132          +/- 0.03452      (0.4608%)


correlation matrix of the fit parameters:

               m      c      
m               1.000 
c              -0.970  1.000 


*******************************************************************************
Sat Apr 18 19:34:18 2015


FIT:    data read from "dimension.dat" using (log($1)):(log($2))
        format = x:z
        x range restricted to [0.500000 : 1.40000]
        #datapoints = 10
        residuals are weighted equally (unit weight)

function used for fitting: g(x)
fitted parameters initialized with current variable values



 Iteration 0
 WSSR        : 182.062           delta(WSSR)/WSSR   : 0
 delta(WSSR) : 0                 limit for stopping : 1e-05
 lambda	  : 0.891751

initial set of free parameter values

m               = 1
c               = 1

After 4 iterations the fit converged.
final sum of squares of residuals : 0.00254808
rel. change during last iteration : -6.7816e-08

degrees of freedom    (FIT_NDF)                        : 8
rms of residuals      (FIT_STDFIT) = sqrt(WSSR/ndf)    : 0.0178468
variance of residuals (reduced chisquare) = WSSR/ndf   : 0.00031851

Final set of parameters            Asymptotic Standard Error
=======================            ==========================

m               = 3.86119          +/- 0.04172      (1.08%)
c               = 3.08505          +/- 0.03206      (1.039%)


correlation matrix of the fit parameters:

               m      c      
m               1.000 
c              -0.984  1.000 


*******************************************************************************
Sat Apr 18 19:35:43 2015


FIT:    data read from "dimension.dat" using (log($1)):(log($2))
        format = x:z
        x range restricted to [0.500000 : 1.40000]
        #datapoints = 24
        residuals are weighted equally (unit weight)

function used for fitting: g(x)
fitted parameters initialized with current variable values



 Iteration 0
 WSSR        : 951.379           delta(WSSR)/WSSR   : 0
 delta(WSSR) : 0                 limit for stopping : 1e-05
 lambda	  : 1.02394

initial set of free parameter values

m               = 1
c               = 1

After 4 iterations the fit converged.
final sum of squares of residuals : 0.0846749
rel. change during last iteration : -7.22843e-11

degrees of freedom    (FIT_NDF)                        : 22
rms of residuals      (FIT_STDFIT) = sqrt(WSSR/ndf)    : 0.0620392
variance of residuals (reduced chisquare) = WSSR/ndf   : 0.00384886

Final set of parameters            Asymptotic Standard Error
=======================            ==========================

m               = 2.41415          +/- 0.04989      (2.067%)
c               = 5.84863          +/- 0.05225      (0.8934%)


correlation matrix of the fit parameters:

               m      c      
m               1.000 
c              -0.970  1.000 


*******************************************************************************
Sat Apr 18 19:36:25 2015


FIT:    data read from "dimension.dat" using (log($1)):(log($2))
        format = x:z
        x range restricted to [0.500000 : 1.40000]
        #datapoints = 5
        residuals are weighted equally (unit weight)

function used for fitting: g(x)
fitted parameters initialized with current variable values



 Iteration 0
 WSSR        : 202.48            delta(WSSR)/WSSR   : 0
 delta(WSSR) : 0                 limit for stopping : 1e-05
 lambda	  : 1.04968

initial set of free parameter values

m               = 1
c               = 1

After 4 iterations the fit converged.
final sum of squares of residuals : 0.0169828
rel. change during last iteration : -1.7574e-07

degrees of freedom    (FIT_NDF)                        : 3
rms of residuals      (FIT_STDFIT) = sqrt(WSSR/ndf)    : 0.0752392
variance of residuals (reduced chisquare) = WSSR/ndf   : 0.00566094

Final set of parameters            Asymptotic Standard Error
=======================            ==========================

m               = 2.29945          +/- 0.1374       (5.975%)
c               = 5.96575          +/- 0.1507       (2.527%)


correlation matrix of the fit parameters:

               m      c      
m               1.000 
c              -0.975  1.000 


*******************************************************************************
Sat Apr 18 19:36:30 2015


FIT:    data read from "dimension.dat" using (log($1)):(log($2))
        format = x:z
        x range restricted to [0.500000 : 1.40000]
        #datapoints = 5
        residuals are weighted equally (unit weight)

function used for fitting: g(x)
fitted parameters initialized with current variable values



 Iteration 0
 WSSR        : 202.48            delta(WSSR)/WSSR   : 0
 delta(WSSR) : 0                 limit for stopping : 1e-05
 lambda	  : 1.04968

initial set of free parameter values

m               = 1
c               = 1

After 4 iterations the fit converged.
final sum of squares of residuals : 0.0169828
rel. change during last iteration : -1.7574e-07

degrees of freedom    (FIT_NDF)                        : 3
rms of residuals      (FIT_STDFIT) = sqrt(WSSR/ndf)    : 0.0752392
variance of residuals (reduced chisquare) = WSSR/ndf   : 0.00566094

Final set of parameters            Asymptotic Standard Error
=======================            ==========================

m               = 2.29945          +/- 0.1374       (5.975%)
c               = 5.96575          +/- 0.1507       (2.527%)


correlation matrix of the fit parameters:

               m      c      
m               1.000 
c              -0.975  1.000 


*******************************************************************************
Sat Apr 18 19:37:13 2015


FIT:    data read from "dimension.dat" using (log($1)):(log($2))
        format = x:z
        x range restricted to [0.500000 : 1.40000]
        #datapoints = 12
        residuals are weighted equally (unit weight)

function used for fitting: g(x)
fitted parameters initialized with current variable values



 Iteration 0
 WSSR        : 479.566           delta(WSSR)/WSSR   : 0
 delta(WSSR) : 0                 limit for stopping : 1e-05
 lambda	  : 1.03258

initial set of free parameter values

m               = 1
c               = 1

After 4 iterations the fit converged.
final sum of squares of residuals : 0.041072
rel. change during last iteration : -2.65883e-09

degrees of freedom    (FIT_NDF)                        : 10
rms of residuals      (FIT_STDFIT) = sqrt(WSSR/ndf)    : 0.0640874
variance of residuals (reduced chisquare) = WSSR/ndf   : 0.0041072

Final set of parameters            Asymptotic Standard Error
=======================            ==========================

m               = 2.37431          +/- 0.07453      (3.139%)
c               = 5.89005          +/- 0.07931      (1.347%)


correlation matrix of the fit parameters:

               m      c      
m               1.000 
c              -0.972  1.000 


*******************************************************************************
Sat Apr 18 19:39:30 2015


FIT:    data read from "dimension.dat" using (log($1)):(log($2))
        format = x:z
        x range restricted to [0.500000 : 1.40000]
        #datapoints = 12
        residuals are weighted equally (unit weight)

function used for fitting: g(x)
fitted parameters initialized with current variable values



 Iteration 0
 WSSR        : 479.566           delta(WSSR)/WSSR   : 0
 delta(WSSR) : 0                 limit for stopping : 1e-05
 lambda	  : 1.03258

initial set of free parameter values

m               = 1
c               = 1

After 4 iterations the fit converged.
final sum of squares of residuals : 0.041072
rel. change during last iteration : -2.65883e-09

degrees of freedom    (FIT_NDF)                        : 10
rms of residuals      (FIT_STDFIT) = sqrt(WSSR/ndf)    : 0.0640874
variance of residuals (reduced chisquare) = WSSR/ndf   : 0.0041072

Final set of parameters            Asymptotic Standard Error
=======================            ==========================

m               = 2.37431          +/- 0.07453      (3.139%)
c               = 5.89005          +/- 0.07931      (1.347%)


correlation matrix of the fit parameters:

               m      c      
m               1.000 
c              -0.972  1.000 


*******************************************************************************
Sat Apr 18 19:40:12 2015


FIT:    data read from "dimension.dat" using (log($1)):(log($2))
        format = x:z
        x range restricted to [-1.50000 : 1.00000]
        #datapoints = 12
        residuals are weighted equally (unit weight)

function used for fitting: g(x)
fitted parameters initialized with current variable values



 Iteration 0
 WSSR        : 303.589           delta(WSSR)/WSSR   : 0
 delta(WSSR) : 0                 limit for stopping : 1e-05
 lambda	  : 0.832785

initial set of free parameter values

m               = 1
c               = 1

After 4 iterations the fit converged.
final sum of squares of residuals : 0.0134418
rel. change during last iteration : -2.19393e-15

degrees of freedom    (FIT_NDF)                        : 10
rms of residuals      (FIT_STDFIT) = sqrt(WSSR/ndf)    : 0.0366631
variance of residuals (reduced chisquare) = WSSR/ndf   : 0.00134418

Final set of parameters            Asymptotic Standard Error
=======================            ==========================

m               = 3.08512          +/- 0.01888      (0.612%)
c               = 5.32923          +/- 0.01175      (0.2204%)


correlation matrix of the fit parameters:

               m      c      
m               1.000 
c              -0.434  1.000 


*******************************************************************************
Sat Apr 18 19:45:51 2015


FIT:    data read from "dimension.dat" using (log($1)):(log($2))
        format = x:z
        x range restricted to [-1.50000 : 1.00000]
        #datapoints = 12
        residuals are weighted equally (unit weight)

function used for fitting: g(x)
fitted parameters initialized with current variable values



 Iteration 0
 WSSR        : 303.589           delta(WSSR)/WSSR   : 0
 delta(WSSR) : 0                 limit for stopping : 1e-05
 lambda	  : 0.832785

initial set of free parameter values

m               = 1
c               = 1

After 4 iterations the fit converged.
final sum of squares of residuals : 0.0134418
rel. change during last iteration : -2.19393e-15

degrees of freedom    (FIT_NDF)                        : 10
rms of residuals      (FIT_STDFIT) = sqrt(WSSR/ndf)    : 0.0366631
variance of residuals (reduced chisquare) = WSSR/ndf   : 0.00134418

Final set of parameters            Asymptotic Standard Error
=======================            ==========================

m               = 3.08512          +/- 0.01888      (0.612%)
c               = 5.32923          +/- 0.01175      (0.2204%)


correlation matrix of the fit parameters:

               m      c      
m               1.000 
c              -0.434  1.000 


*******************************************************************************
Sat Apr 18 20:05:57 2015


FIT:    data read from "dimension.dat" using (log($1)):(log($2))
        format = x:z
        x range restricted to [-1.50000 : 1.00000]
        #datapoints = 12
        residuals are weighted equally (unit weight)

function used for fitting: g(x)
fitted parameters initialized with current variable values



 Iteration 0
 WSSR        : 423.797           delta(WSSR)/WSSR   : 0
 delta(WSSR) : 0                 limit for stopping : 1e-05
 lambda	  : 0.832785

initial set of free parameter values

m               = 1
c               = 1

After 3 iterations the fit converged.
final sum of squares of residuals : 0.133389
rel. change during last iteration : -2.33813e-06

degrees of freedom    (FIT_NDF)                        : 10
rms of residuals      (FIT_STDFIT) = sqrt(WSSR/ndf)    : 0.115494
variance of residuals (reduced chisquare) = WSSR/ndf   : 0.0133389

Final set of parameters            Asymptotic Standard Error
=======================            ==========================

m               = 2.7746           +/- 0.05948      (2.144%)
c               = 6.37899          +/- 0.037        (0.5801%)


correlation matrix of the fit parameters:

               m      c      
m               1.000 
c              -0.434  1.000 


*******************************************************************************
Sat Apr 18 20:18:06 2015


FIT:    data read from "dimension.dat" using (log($1)):(log($2))
        format = x:z
        x range restricted to [-1.50000 : 1.00000]
        #datapoints = 12
        residuals are weighted equally (unit weight)

function used for fitting: g(x)
fitted parameters initialized with current variable values



 Iteration 0
 WSSR        : 277.268           delta(WSSR)/WSSR   : 0
 delta(WSSR) : 0                 limit for stopping : 1e-05
 lambda	  : 0.832785

initial set of free parameter values

m               = 1
c               = 1

After 3 iterations the fit converged.
final sum of squares of residuals : 0.150735
rel. change during last iteration : -4.68894e-06

degrees of freedom    (FIT_NDF)                        : 10
rms of residuals      (FIT_STDFIT) = sqrt(WSSR/ndf)    : 0.122774
variance of residuals (reduced chisquare) = WSSR/ndf   : 0.0150735

Final set of parameters            Asymptotic Standard Error
=======================            ==========================

m               = 1.53331          +/- 0.06323      (4.124%)
c               = 5.65227          +/- 0.03934      (0.6959%)


correlation matrix of the fit parameters:

               m      c      
m               1.000 
c              -0.434  1.000 


*******************************************************************************
Sat Apr 18 20:19:13 2015


FIT:    data read from "dimension.dat" using (log($1)):(log($2))
        format = x:z
        x range restricted to [-1.50000 : 1.00000]
        #datapoints = 12
        residuals are weighted equally (unit weight)

function used for fitting: g(x)
fitted parameters initialized with current variable values



 Iteration 0
 WSSR        : 277.268           delta(WSSR)/WSSR   : 0
 delta(WSSR) : 0                 limit for stopping : 1e-05
 lambda	  : 0.832785

initial set of free parameter values

m               = 1
c               = 1

After 3 iterations the fit converged.
final sum of squares of residuals : 0.150735
rel. change during last iteration : -4.68894e-06

degrees of freedom    (FIT_NDF)                        : 10
rms of residuals      (FIT_STDFIT) = sqrt(WSSR/ndf)    : 0.122774
variance of residuals (reduced chisquare) = WSSR/ndf   : 0.0150735

Final set of parameters            Asymptotic Standard Error
=======================            ==========================

m               = 1.53331          +/- 0.06323      (4.124%)
c               = 5.65227          +/- 0.03934      (0.6959%)


correlation matrix of the fit parameters:

               m      c      
m               1.000 
c              -0.434  1.000 


*******************************************************************************
Sat Apr 18 20:20:41 2015


FIT:    data read from "dimension.dat" using (log($1)):(log($2))
        format = x:z
        x range restricted to [-1.50000 : 1.00000]
        #datapoints = 25
        residuals are weighted equally (unit weight)

function used for fitting: g(x)
fitted parameters initialized with current variable values



 Iteration 0
 WSSR        : 572.979           delta(WSSR)/WSSR   : 0
 delta(WSSR) : 0                 limit for stopping : 1e-05
 lambda	  : 0.845213

initial set of free parameter values

m               = 1
c               = 1

After 3 iterations the fit converged.
final sum of squares of residuals : 0.397378
rel. change during last iteration : -1.81479e-07

degrees of freedom    (FIT_NDF)                        : 23
rms of residuals      (FIT_STDFIT) = sqrt(WSSR/ndf)    : 0.131443
variance of residuals (reduced chisquare) = WSSR/ndf   : 0.0172773

Final set of parameters            Asymptotic Standard Error
=======================            ==========================

m               = 1.55873          +/- 0.0435       (2.791%)
c               = 5.63301          +/- 0.02848      (0.5056%)


correlation matrix of the fit parameters:

               m      c      
m               1.000 
c              -0.385  1.000 


*******************************************************************************
Sat Apr 18 20:23:39 2015


FIT:    data read from "dimension.dat" using (log($1)):(log($2))
        format = x:z
        x range restricted to [-0.500000 : 1.00000]
        #datapoints = 21
        residuals are weighted equally (unit weight)

function used for fitting: g(x)
fitted parameters initialized with current variable values



 Iteration 0
 WSSR        : 507.316           delta(WSSR)/WSSR   : 0
 delta(WSSR) : 0                 limit for stopping : 1e-05
 lambda	  : 0.826478

initial set of free parameter values

m               = 1
c               = 1

After 4 iterations the fit converged.
final sum of squares of residuals : 0.0995123
rel. change during last iteration : -2.10582e-14

degrees of freedom    (FIT_NDF)                        : 19
rms of residuals      (FIT_STDFIT) = sqrt(WSSR/ndf)    : 0.0723705
variance of residuals (reduced chisquare) = WSSR/ndf   : 0.00523749

Final set of parameters            Asymptotic Standard Error
=======================            ==========================

m               = 1.32744          +/- 0.03997      (3.011%)
c               = 5.76282          +/- 0.02419      (0.4197%)


correlation matrix of the fit parameters:

               m      c      
m               1.000 
c              -0.757  1.000 


*******************************************************************************
Sat Apr 18 20:24:26 2015


FIT:    data read from "dimension.dat" using (log($1)):(log($2))
        format = x:z
        x range restricted to [-0.500000 : 1.00000]
        #datapoints = 21
        residuals are weighted equally (unit weight)

function used for fitting: g(x)
fitted parameters initialized with current variable values



 Iteration 0
 WSSR        : 507.316           delta(WSSR)/WSSR   : 0
 delta(WSSR) : 0                 limit for stopping : 1e-05
 lambda	  : 0.826478

initial set of free parameter values

m               = 1
c               = 1

After 4 iterations the fit converged.
final sum of squares of residuals : 0.0995123
rel. change during last iteration : -2.10582e-14

degrees of freedom    (FIT_NDF)                        : 19
rms of residuals      (FIT_STDFIT) = sqrt(WSSR/ndf)    : 0.0723705
variance of residuals (reduced chisquare) = WSSR/ndf   : 0.00523749

Final set of parameters            Asymptotic Standard Error
=======================            ==========================

m               = 1.32744          +/- 0.03997      (3.011%)
c               = 5.76282          +/- 0.02419      (0.4197%)


correlation matrix of the fit parameters:

               m      c      
m               1.000 
c              -0.757  1.000 


*******************************************************************************
Sat Apr 18 20:25:19 2015


FIT:    data read from "dimension.dat" using (log($1)):(log($2))
        format = x:z
        x range restricted to [-1.50000 : 0.500000]
        #datapoints = 14
        residuals are weighted equally (unit weight)

function used for fitting: g(x)
fitted parameters initialized with current variable values



 Iteration 0
 WSSR        : 297.352           delta(WSSR)/WSSR   : 0
 delta(WSSR) : 0                 limit for stopping : 1e-05
 lambda	  : 0.797951

initial set of free parameter values

m               = 1
c               = 1

After 4 iterations the fit converged.
final sum of squares of residuals : 0.0433181
rel. change during last iteration : -7.84904e-15

degrees of freedom    (FIT_NDF)                        : 12
rms of residuals      (FIT_STDFIT) = sqrt(WSSR/ndf)    : 0.060082
variance of residuals (reduced chisquare) = WSSR/ndf   : 0.00360984

Final set of parameters            Asymptotic Standard Error
=======================            ==========================

m               = 1.78696          +/- 0.03228      (1.806%)
c               = 5.71853          +/- 0.01688      (0.2952%)


correlation matrix of the fit parameters:

               m      c      
m               1.000 
c               0.308  1.000 


*******************************************************************************
Sat Apr 18 20:25:52 2015


FIT:    data read from "dimension.dat" using (log($1)):(log($2))
        format = x:z
        x range restricted to [-1.50000 : 0.300000]
        #datapoints = 11
        residuals are weighted equally (unit weight)

function used for fitting: g(x)
fitted parameters initialized with current variable values



 Iteration 0
 WSSR        : 223.25            delta(WSSR)/WSSR   : 0
 delta(WSSR) : 0                 limit for stopping : 1e-05
 lambda	  : 0.807066

initial set of free parameter values

m               = 1
c               = 1

After 4 iterations the fit converged.
final sum of squares of residuals : 0.0147293
rel. change during last iteration : -5.86277e-13

degrees of freedom    (FIT_NDF)                        : 9
rms of residuals      (FIT_STDFIT) = sqrt(WSSR/ndf)    : 0.0404548
variance of residuals (reduced chisquare) = WSSR/ndf   : 0.00163659

Final set of parameters            Asymptotic Standard Error
=======================            ==========================

m               = 1.85302          +/- 0.02706      (1.46%)
c               = 5.75749          +/- 0.01489      (0.2586%)


correlation matrix of the fit parameters:

               m      c      
m               1.000 
c               0.573  1.000 


*******************************************************************************
Sat Apr 18 20:26:01 2015


FIT:    data read from "dimension.dat" using (log($1)):(log($2))
        format = x:z
        x range restricted to [-1.50000 : 0.100000]
        #datapoints = 9
        residuals are weighted equally (unit weight)

function used for fitting: g(x)
fitted parameters initialized with current variable values



 Iteration 0
 WSSR        : 175.287           delta(WSSR)/WSSR   : 0
 delta(WSSR) : 0                 limit for stopping : 1e-05
 lambda	  : 0.824208

initial set of free parameter values

m               = 1
c               = 1

After 4 iterations the fit converged.
final sum of squares of residuals : 0.00519682
rel. change during last iteration : -2.24762e-11

degrees of freedom    (FIT_NDF)                        : 7
rms of residuals      (FIT_STDFIT) = sqrt(WSSR/ndf)    : 0.0272471
variance of residuals (reduced chisquare) = WSSR/ndf   : 0.000742403

Final set of parameters            Asymptotic Standard Error
=======================            ==========================

m               = 1.89697          +/- 0.02206      (1.163%)
c               = 5.78775          +/- 0.01321      (0.2283%)


correlation matrix of the fit parameters:

               m      c      
m               1.000 
c               0.726  1.000 


*******************************************************************************
Sat Apr 18 20:27:56 2015


FIT:    data read from "dimension.dat" using (log($1)):(log($2))
        format = x:z
        x range restricted to [-1.50000 : 0.100000]
        #datapoints = 9
        residuals are weighted equally (unit weight)

function used for fitting: g(x)
fitted parameters initialized with current variable values



 Iteration 0
 WSSR        : 223.737           delta(WSSR)/WSSR   : 0
 delta(WSSR) : 0                 limit for stopping : 1e-05
 lambda	  : 0.824208

initial set of free parameter values

m               = 1
c               = 1

After 4 iterations the fit converged.
final sum of squares of residuals : 0.00790832
rel. change during last iteration : -1.76438e-11

degrees of freedom    (FIT_NDF)                        : 7
rms of residuals      (FIT_STDFIT) = sqrt(WSSR/ndf)    : 0.0336119
variance of residuals (reduced chisquare) = WSSR/ndf   : 0.00112976

Final set of parameters            Asymptotic Standard Error
=======================            ==========================

m               = 1.9129           +/- 0.02721      (1.423%)
c               = 6.36869          +/- 0.0163       (0.2559%)


correlation matrix of the fit parameters:

               m      c      
m               1.000 
c               0.726  1.000 


*******************************************************************************
Sat Apr 18 20:31:24 2015


FIT:    data read from "dimension.dat" using (log($1)):(log($2))
        format = x:z
        x range restricted to [-1.50000 : 0.100000]
        #datapoints = 9
        residuals are weighted equally (unit weight)

function used for fitting: g(x)
fitted parameters initialized with current variable values



 Iteration 0
 WSSR        : 232.401           delta(WSSR)/WSSR   : 0
 delta(WSSR) : 0                 limit for stopping : 1e-05
 lambda	  : 0.824208

initial set of free parameter values

m               = 1
c               = 1

After 4 iterations the fit converged.
final sum of squares of residuals : 0.00856241
rel. change during last iteration : -1.69043e-11

degrees of freedom    (FIT_NDF)                        : 7
rms of residuals      (FIT_STDFIT) = sqrt(WSSR/ndf)    : 0.0349743
variance of residuals (reduced chisquare) = WSSR/ndf   : 0.0012232

Final set of parameters            Asymptotic Standard Error
=======================            ==========================

m               = 1.92733          +/- 0.02832      (1.469%)
c               = 6.47041          +/- 0.01696      (0.2621%)


correlation matrix of the fit parameters:

               m      c      
m               1.000 
c               0.726  1.000 


*******************************************************************************
Mon Apr 20 12:08:13 2015


FIT:    data read from "dimension.dat" using (log($1)):(log($2))
        format = x:z
        x range restricted to [-1.50000 : 0.100000]
        #datapoints = 9
        residuals are weighted equally (unit weight)

function used for fitting: g(x)
fitted parameters initialized with current variable values



 Iteration 0
 WSSR        : 232.401           delta(WSSR)/WSSR   : 0
 delta(WSSR) : 0                 limit for stopping : 1e-05
 lambda	  : 0.824208

initial set of free parameter values

m               = 1
c               = 1

After 4 iterations the fit converged.
final sum of squares of residuals : 0.00856241
rel. change during last iteration : -1.69043e-11

degrees of freedom    (FIT_NDF)                        : 7
rms of residuals      (FIT_STDFIT) = sqrt(WSSR/ndf)    : 0.0349743
variance of residuals (reduced chisquare) = WSSR/ndf   : 0.0012232

Final set of parameters            Asymptotic Standard Error
=======================            ==========================

m               = 1.92733          +/- 0.02832      (1.469%)
c               = 6.47041          +/- 0.01696      (0.2621%)


correlation matrix of the fit parameters:

               m      c      
m               1.000 
c               0.726  1.000 
